<?xml version="1.0" encoding="UTF-8"?>
<!-- Generated by org.testng.reporters.JUnitXMLReporter -->
<testsuite hostname="Chriss-MacBook-Pro.local" ignored="0" name="Default test" tests="3" failures="0" timestamp="2020-07-24T09:13:09 EDT" time="9.704" errors="0">
  <testcase name="verifyAcceptedValuesTest" time="0.916" classname="Tests.ValueTest"/>
  <testcase name="verifyEmptyValuesTest" time="0.27" classname="Tests.ValueTest"/>
  <testcase name="verifyFailingValuesTest" time="0.817" classname="Tests.ValueTest"/>
</testsuite> <!-- Default test -->
