<?xml version="1.0" encoding="UTF-8"?>
<!-- Generated by org.testng.reporters.JUnitXMLReporter -->
<testsuite hostname="Chriss-MacBook-Pro.local" ignored="0" name="Values Test" tests="3" failures="0" timestamp="2020-07-23T22:14:46 EDT" time="9.243" errors="0">
  <testcase name="verifyAcceptedValuesTest" time="0.882" classname="Tests.ValueTest"/>
  <testcase name="verifyEmptyValuesTest" time="0.273" classname="Tests.ValueTest"/>
  <testcase name="verifyFailingValuesTest" time="0.821" classname="Tests.ValueTest"/>
</testsuite> <!-- Values Test -->
