<?xml version="1.0" encoding="UTF-8"?>
<!-- Generated by org.testng.reporters.JUnitXMLReporter -->
<testsuite hostname="Chriss-MacBook-Pro.local" ignored="0" name="Values Test" tests="4" failures="0" timestamp="2020-07-28T13:20:56 EDT" time="12.698" errors="0">
  <testcase name="verifyAcceptedValuesTest" time="0.931" classname="Tests.ValueTest"/>
  <testcase name="verifyEmptyValuesTest" time="0.274" classname="Tests.ValueTest"/>
  <testcase name="verifyFailingValuesTest" time="0.811" classname="Tests.ValueTest"/>
  <testcase name="verifyPageCanBeReached" time="0.113" classname="Tests.ValueTest"/>
</testsuite> <!-- Values Test -->
