<?xml version="1.0" encoding="UTF-8"?>
<testng-results skipped="0" failed="0" ignored="0" total="4" passed="4">
  <reporter-output>
  </reporter-output>
  <suite name="PFL Values Test Suite" duration-ms="10817" started-at="2020-07-25T15:48:36 EDT" finished-at="2020-07-25T15:48:46 EDT">
    <groups>
    </groups>
    <test name="Values Test" duration-ms="10817" started-at="2020-07-25T15:48:36 EDT" finished-at="2020-07-25T15:48:46 EDT">
      <class name="Tests.ValueTest">
        <test-method status="PASS" signature="setup()[pri:0, instance:Tests.ValueTest@23e028a9]" name="setup" is-config="true" duration-ms="2996" started-at="2020-07-25T15:48:36 EDT" finished-at="2020-07-25T15:48:39 EDT">
          <reporter-output>
          </reporter-output>
        </test-method> <!-- setup -->
        <test-method status="PASS" signature="verifyAcceptedValuesTest()[pri:0, instance:Tests.ValueTest@23e028a9]" name="verifyAcceptedValuesTest" duration-ms="873" started-at="2020-07-25T15:48:39 EDT" description="Test verifies that correct values gives &#039;True&#039; message" finished-at="2020-07-25T15:48:39 EDT">
          <reporter-output>
          </reporter-output>
        </test-method> <!-- verifyAcceptedValuesTest -->
        <test-method status="PASS" signature="teardown()[pri:0, instance:Tests.ValueTest@23e028a9]" name="teardown" is-config="true" duration-ms="88" started-at="2020-07-25T15:48:39 EDT" finished-at="2020-07-25T15:48:40 EDT">
          <reporter-output>
          </reporter-output>
        </test-method> <!-- teardown -->
        <test-method status="PASS" signature="setup()[pri:0, instance:Tests.ValueTest@23e028a9]" name="setup" is-config="true" duration-ms="1914" started-at="2020-07-25T15:48:40 EDT" finished-at="2020-07-25T15:48:42 EDT">
          <reporter-output>
          </reporter-output>
        </test-method> <!-- setup -->
        <test-method status="PASS" signature="verifyEmptyValuesTest()[pri:0, instance:Tests.ValueTest@23e028a9]" name="verifyEmptyValuesTest" duration-ms="273" started-at="2020-07-25T15:48:42 EDT" description="Test verifies that passing no value gives message to enter a String" finished-at="2020-07-25T15:48:42 EDT">
          <reporter-output>
          </reporter-output>
        </test-method> <!-- verifyEmptyValuesTest -->
        <test-method status="PASS" signature="teardown()[pri:0, instance:Tests.ValueTest@23e028a9]" name="teardown" is-config="true" duration-ms="86" started-at="2020-07-25T15:48:42 EDT" finished-at="2020-07-25T15:48:42 EDT">
          <reporter-output>
          </reporter-output>
        </test-method> <!-- teardown -->
        <test-method status="PASS" signature="setup()[pri:0, instance:Tests.ValueTest@23e028a9]" name="setup" is-config="true" duration-ms="1758" started-at="2020-07-25T15:48:42 EDT" finished-at="2020-07-25T15:48:44 EDT">
          <reporter-output>
          </reporter-output>
        </test-method> <!-- setup -->
        <test-method status="PASS" signature="verifyFailingValuesTest()[pri:0, instance:Tests.ValueTest@23e028a9]" name="verifyFailingValuesTest" duration-ms="815" started-at="2020-07-25T15:48:44 EDT" description="Test verifies that incorrect values gives &#039;False&#039; message" finished-at="2020-07-25T15:48:44 EDT">
          <reporter-output>
          </reporter-output>
        </test-method> <!-- verifyFailingValuesTest -->
        <test-method status="PASS" signature="teardown()[pri:0, instance:Tests.ValueTest@23e028a9]" name="teardown" is-config="true" duration-ms="94" started-at="2020-07-25T15:48:44 EDT" finished-at="2020-07-25T15:48:45 EDT">
          <reporter-output>
          </reporter-output>
        </test-method> <!-- teardown -->
        <test-method status="PASS" signature="setup()[pri:0, instance:Tests.ValueTest@23e028a9]" name="setup" is-config="true" duration-ms="1689" started-at="2020-07-25T15:48:45 EDT" finished-at="2020-07-25T15:48:46 EDT">
          <reporter-output>
          </reporter-output>
        </test-method> <!-- setup -->
        <test-method status="PASS" signature="verifyPageCanBeReached()[pri:0, instance:Tests.ValueTest@23e028a9]" name="verifyPageCanBeReached" duration-ms="114" started-at="2020-07-25T15:48:46 EDT" description="Test verifies is the test page has been reached" finished-at="2020-07-25T15:48:46 EDT">
          <reporter-output>
          </reporter-output>
        </test-method> <!-- verifyPageCanBeReached -->
        <test-method status="PASS" signature="teardown()[pri:0, instance:Tests.ValueTest@23e028a9]" name="teardown" is-config="true" duration-ms="85" started-at="2020-07-25T15:48:46 EDT" finished-at="2020-07-25T15:48:46 EDT">
          <reporter-output>
          </reporter-output>
        </test-method> <!-- teardown -->
      </class> <!-- Tests.ValueTest -->
    </test> <!-- Values Test -->
  </suite> <!-- PFL Values Test Suite -->
</testng-results>
