<?xml version="1.0" encoding="UTF-8"?>
<!-- Generated by org.testng.reporters.JUnitXMLReporter -->
<testsuite hostname="Chriss-MacBook-Pro.local" ignored="0" name="Values Test" tests="4" failures="0" timestamp="2020-07-25T15:48:46 EDT" time="10.817" errors="0">
  <testcase name="verifyAcceptedValuesTest" time="0.873" classname="Tests.ValueTest"/>
  <testcase name="verifyEmptyValuesTest" time="0.273" classname="Tests.ValueTest"/>
  <testcase name="verifyFailingValuesTest" time="0.815" classname="Tests.ValueTest"/>
  <testcase name="verifyPageCanBeReached" time="0.114" classname="Tests.ValueTest"/>
</testsuite> <!-- Values Test -->
