<?xml version="1.0" encoding="UTF-8"?>
<!-- Generated by org.testng.reporters.JUnitXMLReporter -->
<testsuite hostname="Chriss-MacBook-Pro.local" ignored="0" name="Values Test" tests="4" failures="0" timestamp="2020-07-27T08:53:21 EDT" time="11.618" errors="0">
  <testcase name="verifyAcceptedValuesTest" time="1.084" classname="Tests.ValueTest"/>
  <testcase name="verifyEmptyValuesTest" time="0.384" classname="Tests.ValueTest"/>
  <testcase name="verifyFailingValuesTest" time="0.941" classname="Tests.ValueTest"/>
  <testcase name="verifyPageCanBeReached" time="0.185" classname="Tests.ValueTest"/>
</testsuite> <!-- Values Test -->
